<?xml version="1.0" encoding="UTF-8"?>
<!-- Generated by org.testng.reporters.JUnitXMLReporter -->
<testsuite hostname="IN1-1019286LT" ignored="4" name="Command line test" tests="4" failures="1" timestamp="09 Apr 2021 04:52:28 GMT" time="55.789" errors="0">
  <testcase name="contactUsPage_01" time="7.371" classname="testcases.HomePageTest"/>
  <testcase name="verifySignPage_01" time="3.277" classname="testcases.HomePageTest">
    <failure type="java.lang.AssertionError" message="expected [true] but found [false]">
      <![CDATA[java.lang.AssertionError: expected [true] but found [false]
at testcases.HomePageTest.verifySignPage_01(HomePageTest.java:31)
... Removed 39 stack frames]]>
    </failure>
  </testcase> <!-- verifySignPage_01 -->
  <testcase name="Login_01" time="0.027" classname="testcases.LogTest"/>
  <testcase name="Login_02" time="0.0" classname="testcases.LogTest"/>
  <testcase name="@AfterTest testafter" time="0.0" classname="base.TestBase">
    <ignored/>
  </testcase> <!-- @AfterTest testafter -->
  <testcase name="@AfterTest testafter" time="0.0" classname="base.TestBase">
    <ignored/>
  </testcase> <!-- @AfterTest testafter -->
  <testcase name="@BeforeTest testbefore" time="0.0" classname="base.TestBase">
    <ignored/>
  </testcase> <!-- @BeforeTest testbefore -->
  <testcase name="@BeforeTest testbefore" time="0.0" classname="base.TestBase">
    <ignored/>
  </testcase> <!-- @BeforeTest testbefore -->
</testsuite> <!-- Command line test -->
