<?xml version="1.0" encoding="UTF-8"?>
<testng-results skipped="0" failed="1" total="2" passed="1">
  <reporter-output>
  </reporter-output>
  <suite name="Suite" duration-ms="63015" started-at="2021-04-13T04:29:04Z" finished-at="2021-04-13T04:30:07Z">
    <groups>
      <group name="SmokeTest">
        <method signature="SignInWithExcelData.LoginTestcase_01()[pri:0, instance:testcases.SignInWithExcelData@3857f613]" name="LoginTestcase_01" class="testcases.SignInWithExcelData"/>
      </group> <!-- SmokeTest -->
      <group name="Homepage">
        <method signature="SignInWithExcelData.LoginTestcase_01()[pri:0, instance:testcases.SignInWithExcelData@3857f613]" name="LoginTestcase_01" class="testcases.SignInWithExcelData"/>
        <method signature="SignInWithExcelData.LoginTestcase_02()[pri:0, instance:testcases.SignInWithExcelData@3857f613]" name="LoginTestcase_02" class="testcases.SignInWithExcelData"/>
      </group> <!-- Homepage -->
      <group name="Login">
        <method signature="SignInWithExcelData.LoginTestcase_01()[pri:0, instance:testcases.SignInWithExcelData@3857f613]" name="LoginTestcase_01" class="testcases.SignInWithExcelData"/>
        <method signature="SignInWithExcelData.LoginTestcase_02()[pri:0, instance:testcases.SignInWithExcelData@3857f613]" name="LoginTestcase_02" class="testcases.SignInWithExcelData"/>
      </group> <!-- Login -->
    </groups>
    <test name="Test" duration-ms="63015" started-at="2021-04-13T04:29:04Z" finished-at="2021-04-13T04:30:07Z">
      <class name="testcases.SignInWithExcelData">
        <test-method status="PASS" signature="testbefore()[pri:0, instance:testcases.SignInWithExcelData@3857f613]" name="testbefore" is-config="true" duration-ms="446" started-at="2021-04-13T09:59:04Z" finished-at="2021-04-13T09:59:04Z">
          <reporter-output>
          </reporter-output>
        </test-method> <!-- testbefore -->
        <test-method status="PASS" signature="beforeMethod()[pri:0, instance:testcases.SignInWithExcelData@3857f613]" name="beforeMethod" is-config="true" duration-ms="16827" started-at="2021-04-13T09:59:04Z" finished-at="2021-04-13T09:59:21Z">
          <reporter-output>
          </reporter-output>
        </test-method> <!-- beforeMethod -->
        <test-method status="PASS" signature="LoginTestcase_01()[pri:0, instance:testcases.SignInWithExcelData@3857f613]" name="LoginTestcase_01" duration-ms="12328" started-at="2021-04-13T09:59:21Z" finished-at="2021-04-13T09:59:34Z">
          <reporter-output>
          </reporter-output>
        </test-method> <!-- LoginTestcase_01 -->
        <test-method status="PASS" signature="closeBrowser()[pri:0, instance:testcases.SignInWithExcelData@3857f613]" name="closeBrowser" is-config="true" duration-ms="569" started-at="2021-04-13T09:59:34Z" finished-at="2021-04-13T09:59:34Z">
          <reporter-output>
          </reporter-output>
        </test-method> <!-- closeBrowser -->
        <test-method status="PASS" signature="beforeMethod()[pri:0, instance:testcases.SignInWithExcelData@3857f613]" name="beforeMethod" is-config="true" duration-ms="11579" started-at="2021-04-13T09:59:34Z" finished-at="2021-04-13T09:59:46Z">
          <reporter-output>
          </reporter-output>
        </test-method> <!-- beforeMethod -->
        <test-method status="FAIL" signature="LoginTestcase_02()[pri:0, instance:testcases.SignInWithExcelData@3857f613]" name="LoginTestcase_02" duration-ms="21024" started-at="2021-04-13T09:59:46Z" finished-at="2021-04-13T10:00:07Z">
          <exception class="java.lang.AssertionError">
            <message>
              <![CDATA[expected [true] but found [false]]]>
            </message>
            <full-stacktrace>
              <![CDATA[java.lang.AssertionError: expected [true] but found [false]
	at org.testng.Assert.fail(Assert.java:94)
	at org.testng.Assert.failNotEquals(Assert.java:513)
	at org.testng.Assert.assertTrue(Assert.java:42)
	at org.testng.Assert.assertTrue(Assert.java:52)
	at testcases.SignInWithExcelData.LoginTestcase_02(SignInWithExcelData.java:90)
	at sun.reflect.NativeMethodAccessorImpl.invoke0(Native Method)
	at sun.reflect.NativeMethodAccessorImpl.invoke(NativeMethodAccessorImpl.java:62)
	at sun.reflect.DelegatingMethodAccessorImpl.invoke(DelegatingMethodAccessorImpl.java:43)
	at java.lang.reflect.Method.invoke(Method.java:498)
	at org.testng.internal.MethodInvocationHelper.invokeMethod(MethodInvocationHelper.java:100)
	at org.testng.internal.Invoker.invokeMethod(Invoker.java:646)
	at org.testng.internal.Invoker.invokeTestMethod(Invoker.java:811)
	at org.testng.internal.Invoker.invokeTestMethods(Invoker.java:1129)
	at org.testng.internal.TestMethodWorker.invokeTestMethods(TestMethodWorker.java:129)
	at org.testng.internal.TestMethodWorker.run(TestMethodWorker.java:112)
	at org.testng.TestRunner.privateRun(TestRunner.java:746)
	at org.testng.TestRunner.run(TestRunner.java:600)
	at org.testng.SuiteRunner.runTest(SuiteRunner.java:366)
	at org.testng.SuiteRunner.runSequentially(SuiteRunner.java:361)
	at org.testng.SuiteRunner.privateRun(SuiteRunner.java:319)
	at org.testng.SuiteRunner.run(SuiteRunner.java:268)
	at org.testng.SuiteRunnerWorker.runSuite(SuiteRunnerWorker.java:52)
	at org.testng.SuiteRunnerWorker.run(SuiteRunnerWorker.java:86)
	at org.testng.TestNG.runSuitesSequentially(TestNG.java:1264)
	at org.testng.TestNG.runSuitesLocally(TestNG.java:1189)
	at org.testng.TestNG.runSuites(TestNG.java:1104)
	at org.testng.TestNG.run(TestNG.java:1076)
	at org.testng.remote.AbstractRemoteTestNG.run(AbstractRemoteTestNG.java:126)
	at org.testng.remote.RemoteTestNG.initAndRun(RemoteTestNG.java:152)
	at org.testng.remote.RemoteTestNG.main(RemoteTestNG.java:57)
]]>
            </full-stacktrace>
          </exception> <!-- java.lang.AssertionError -->
          <reporter-output>
          </reporter-output>
        </test-method> <!-- LoginTestcase_02 -->
        <test-method status="PASS" signature="closeBrowser()[pri:0, instance:testcases.SignInWithExcelData@3857f613]" name="closeBrowser" is-config="true" duration-ms="86" started-at="2021-04-13T10:00:07Z" finished-at="2021-04-13T10:00:07Z">
          <reporter-output>
          </reporter-output>
        </test-method> <!-- closeBrowser -->
        <test-method status="PASS" signature="testafter()[pri:0, instance:testcases.SignInWithExcelData@3857f613]" name="testafter" is-config="true" duration-ms="51" started-at="2021-04-13T10:00:07Z" finished-at="2021-04-13T10:00:07Z">
          <reporter-output>
          </reporter-output>
        </test-method> <!-- testafter -->
      </class> <!-- testcases.SignInWithExcelData -->
    </test> <!-- Test -->
  </suite> <!-- Suite -->
</testng-results>
